#
# There is insufficient memory for the Java Runtime Environment to continue.
# Native memory allocation (malloc) failed to allocate 1114096 bytes for Chunk::new
# Possible reasons:
#   The system is out of physical RAM or swap space
#   The process is running with CompressedOops enabled, and the Java Heap may be blocking the growth of the native heap
# Possible solutions:
#   Reduce memory load on the system
#   Increase physical memory or swap space
#   Check if swap backing store is full
#   Decrease Java heap size (-Xmx/-Xms)
#   Decrease number of Java threads
#   Decrease Java thread stack sizes (-Xss)
#   Set larger code cache with -XX:ReservedCodeCacheSize=
#   JVM is running with Unscaled Compressed Oops mode in which the Java heap is
#     placed in the first 4GB address space. The Java Heap base address is the
#     maximum limit for the native heap growth. Please use -XX:HeapBaseMinAddress
#     to set the Java Heap base and to place the Java Heap above 4GB virtual address.
# This output file may be truncated or incomplete.
#
#  Out of Memory Error (arena.cpp:195), pid=7560, tid=952
#
# JRE version: Java(TM) SE Runtime Environment (16.0.1+9) (build 16.0.1+9-24)
# Java VM: Java HotSpot(TM) 64-Bit Server VM (16.0.1+9-24, mixed mode, sharing, tiered, compressed oops, compressed class ptrs, g1 gc, windows-amd64)
# No core dump will be written. Minidumps are not enabled by default on client versions of Windows
#

---------------  S U M M A R Y ------------

Command Line: -javaagent:C:\Program Files\JetBrains\IntelliJ IDEA Community Edition 2021.1.3\lib\idea_rt.jar=57858:C:\Program Files\JetBrains\IntelliJ IDEA Community Edition 2021.1.3\bin -Dfile.encoding=UTF-8 com.rfoliveira.ecommerceback.EcommerceBackApplication

Host: Intel(R) Core(TM) i5-3470 CPU @ 3.20GHz, 4 cores, 7G,  Windows 10 , 64 bit Build 19041 (10.0.19041.1645)
Time: Mon May  2 20:20:25 2022 Hora oficial do Brasil elapsed time: 2.992917 seconds (0d 0h 0m 2s)

---------------  T H R E A D  ---------------

Current thread (0x00000167670b9190):  JavaThread "C2 CompilerThread0" daemon [_thread_in_native, id=952, stack(0x0000002a97600000,0x0000002a97700000)]


Current CompileTask:
C2:   2992 2777   !   4       jdk.internal.loader.BuiltinClassLoader::loadClassOrNull (143 bytes)

Stack: [0x0000002a97600000,0x0000002a97700000]
Native frames: (J=compiled Java code, j=interpreted, Vv=VM code, C=native code)
V  [jvm.dll+0x6687ca]
V  [jvm.dll+0x7ca3c9]
V  [jvm.dll+0x7cbb53]
V  [jvm.dll+0x7cc1b3]
V  [jvm.dll+0x242ea5]
V  [jvm.dll+0xadeca]
V  [jvm.dll+0xae5ac]
V  [jvm.dll+0x2a52cf]
V  [jvm.dll+0x574359]
V  [jvm.dll+0x21eb55]
V  [jvm.dll+0x217e51]
V  [jvm.dll+0x21524c]
V  [jvm.dll+0x1a1d9b]
V  [jvm.dll+0x2253a8]
V  [jvm.dll+0x2233ec]
V  [jvm.dll+0x780002]
V  [jvm.dll+0x779b4a]
V  [jvm.dll+0x667666]
C  [ucrtbase.dll+0x21bb2]
C  [KERNEL32.DLL+0x17034]
C  [ntdll.dll+0x52651]


---------------  P R O C E S S  ---------------

Threads class SMR info:
_java_thread_list=0x0000016768f45c50, length=14, elements={
0x000001674996b0c0, 0x000001676709ca30, 0x00000167670a2fc0, 0x00000167670ac3f0,
0x00000167670aef10, 0x00000167670b1fd0, 0x00000167670b3490, 0x00000167670b9190,
0x00000167670be2a0, 0x00000167670cb790, 0x000001676707f780, 0x0000016767d27720,
0x0000016767eccf20, 0x0000016767ff6ea0
}

Java Threads: ( => current thread )
  0x000001674996b0c0 JavaThread "main" [_thread_in_native, id=1296, stack(0x0000002a96900000,0x0000002a96a00000)]
  0x000001676709ca30 JavaThread "Reference Handler" daemon [_thread_blocked, id=5888, stack(0x0000002a97000000,0x0000002a97100000)]
  0x00000167670a2fc0 JavaThread "Finalizer" daemon [_thread_blocked, id=11332, stack(0x0000002a97100000,0x0000002a97200000)]
  0x00000167670ac3f0 JavaThread "Signal Dispatcher" daemon [_thread_blocked, id=7644, stack(0x0000002a97200000,0x0000002a97300000)]
  0x00000167670aef10 JavaThread "Attach Listener" daemon [_thread_blocked, id=9488, stack(0x0000002a97300000,0x0000002a97400000)]
  0x00000167670b1fd0 JavaThread "Service Thread" daemon [_thread_blocked, id=6620, stack(0x0000002a97400000,0x0000002a97500000)]
  0x00000167670b3490 JavaThread "Monitor Deflation Thread" daemon [_thread_blocked, id=8188, stack(0x0000002a97500000,0x0000002a97600000)]
=>0x00000167670b9190 JavaThread "C2 CompilerThread0" daemon [_thread_in_native, id=952, stack(0x0000002a97600000,0x0000002a97700000)]
  0x00000167670be2a0 JavaThread "C1 CompilerThread0" daemon [_thread_blocked, id=9300, stack(0x0000002a97700000,0x0000002a97800000)]
  0x00000167670cb790 JavaThread "Sweeper thread" daemon [_thread_blocked, id=1980, stack(0x0000002a97800000,0x0000002a97900000)]
  0x000001676707f780 JavaThread "Common-Cleaner" daemon [_thread_blocked, id=12384, stack(0x0000002a97900000,0x0000002a97a00000)]
  0x0000016767d27720 JavaThread "C2 CompilerThread1" daemon [_thread_blocked, id=10916, stack(0x0000002a97a00000,0x0000002a97b00000)]
  0x0000016767eccf20 JavaThread "Monitor Ctrl-Break" daemon [_thread_in_native, id=10896, stack(0x0000002a97b00000,0x0000002a97c00000)]
  0x0000016767ff6ea0 JavaThread "Notification Thread" daemon [_thread_blocked, id=10836, stack(0x0000002a97c00000,0x0000002a97d00000)]

Other Threads:
  0x0000016767096720 VMThread "VM Thread" [stack: 0x0000002a96f00000,0x0000002a97000000] [id=12128]
  0x000001674996bd70 WatcherThread [stack: 0x0000002a97d00000,0x0000002a97e00000] [id=11620]
  0x00000167499a7cb0 GCTaskThread "GC Thread#0" [stack: 0x0000002a96a00000,0x0000002a96b00000] [id=5184]
  0x0000016768230370 GCTaskThread "GC Thread#1" [stack: 0x0000002a97e00000,0x0000002a97f00000] [id=10908]
  0x0000016768514d50 GCTaskThread "GC Thread#2" [stack: 0x0000002a97f00000,0x0000002a98000000] [id=10904]
  0x0000016768798950 GCTaskThread "GC Thread#3" [stack: 0x0000002a98000000,0x0000002a98100000] [id=10900]
  0x00000167499b88d0 ConcurrentGCThread "G1 Main Marker" [stack: 0x0000002a96b00000,0x0000002a96c00000] [id=1732]
  0x00000167499ba190 ConcurrentGCThread "G1 Conc#0" [stack: 0x0000002a96c00000,0x0000002a96d00000] [id=244]
  0x00000167499fe440 ConcurrentGCThread "G1 Refine#0" [stack: 0x0000002a96d00000,0x0000002a96e00000] [id=12636]
  0x0000016768807ef0 ConcurrentGCThread "G1 Refine#1" [stack: 0x0000002a98100000,0x0000002a98200000] [id=12768]
  0x0000016766f49100 ConcurrentGCThread "G1 Service" [stack: 0x0000002a96e00000,0x0000002a96f00000] [id=6448]

Threads with active compile tasks:
C2 CompilerThread0     3043 2777   !   4       jdk.internal.loader.BuiltinClassLoader::loadClassOrNull (143 bytes)
C1 CompilerThread0     3043 2857       3       org.springframework.asm.ByteVector::putByte (39 bytes)

VM state: not at safepoint (normal execution)

VM Mutex/Monitor currently owned by a thread: None

Heap address: 0x0000000081a00000, size: 2022 MB, Compressed Oops mode: 32-bit

CDS archive(s) mapped at: [0x0000000800000000-0x0000000800bb0000-0x0000000800bb0000), size 12255232, SharedBaseAddress: 0x0000000800000000, ArchiveRelocationMode: 0.
Compressed class space mapped at: 0x0000000800c00000-0x0000000840c00000, reserved size: 1073741824
Narrow klass base: 0x0000000800000000, Narrow klass shift: 3, Narrow klass range: 0x100000000

GC Precious Log:
 CPUs: 4 total, 4 available
 Memory: 8084M
 Large Page Support: Disabled
 NUMA Support: Disabled
 Compressed Oops: Enabled (32-bit)
 Heap Region Size: 1M
 Heap Min Capacity: 8M
 Heap Initial Capacity: 128M
 Heap Max Capacity: 2022M
 Pre-touch: Disabled
 Parallel Workers: 4
 Concurrent Workers: 1
 Concurrent Refinement Workers: 4
 Periodic GC: Disabled

Heap:
 garbage-first heap   total 131072K, used 21629K [0x0000000081a00000, 0x0000000100000000)
  region size 1024K, 17 young (17408K), 5 survivors (5120K)
 Metaspace       used 19794K, committed 20032K, reserved 1073152K
  class space    used 2376K, committed 2496K, reserved 1048576K

Heap Regions: E=young(eden), S=young(survivor), O=old, HS=humongous(starts), HC=humongous(continues), CS=collection set, F=free, OA=open archive, CA=closed archive, TAMS=top-at-mark-start (previous, next)
|   0|0x0000000081a00000, 0x0000000081b00000, 0x0000000081b00000|100%|HS|  |TAMS 0x0000000081a00000, 0x0000000081a00000| Complete 
|   1|0x0000000081b00000, 0x0000000081c00000, 0x0000000081c00000|100%| O|  |TAMS 0x0000000081b00000, 0x0000000081b00000| Untracked 
|   2|0x0000000081c00000, 0x0000000081d00000, 0x0000000081d00000|100%| O|  |TAMS 0x0000000081c00000, 0x0000000081c00000| Untracked 
|   3|0x0000000081d00000, 0x0000000081e00000, 0x0000000081e00000|100%| O|  |TAMS 0x0000000081d00000, 0x0000000081d00000| Untracked 
|   4|0x0000000081e00000, 0x0000000081f00000, 0x0000000081f00000|100%| O|  |TAMS 0x0000000081e00000, 0x0000000081e00000| Untracked 
|   5|0x0000000081f00000, 0x0000000081fdc600, 0x0000000082000000| 86%| O|  |TAMS 0x0000000081f00000, 0x0000000081f00000| Untracked 
|   6|0x0000000082000000, 0x0000000082000000, 0x0000000082100000|  0%| F|  |TAMS 0x0000000082000000, 0x0000000082000000| Untracked 
|   7|0x0000000082100000, 0x0000000082100000, 0x0000000082200000|  0%| F|  |TAMS 0x0000000082100000, 0x0000000082100000| Untracked 
|   8|0x0000000082200000, 0x0000000082200000, 0x0000000082300000|  0%| F|  |TAMS 0x0000000082200000, 0x0000000082200000| Untracked 
|   9|0x0000000082300000, 0x0000000082300000, 0x0000000082400000|  0%| F|  |TAMS 0x0000000082300000, 0x0000000082300000| Untracked 
|  10|0x0000000082400000, 0x0000000082400000, 0x0000000082500000|  0%| F|  |TAMS 0x0000000082400000, 0x0000000082400000| Untracked 
|  11|0x0000000082500000, 0x0000000082500000, 0x0000000082600000|  0%| F|  |TAMS 0x0000000082500000, 0x0000000082500000| Untracked 
|  12|0x0000000082600000, 0x0000000082600000, 0x0000000082700000|  0%| F|  |TAMS 0x0000000082600000, 0x0000000082600000| Untracked 
|  13|0x0000000082700000, 0x0000000082700000, 0x0000000082800000|  0%| F|  |TAMS 0x0000000082700000, 0x0000000082700000| Untracked 
|  14|0x0000000082800000, 0x0000000082800000, 0x0000000082900000|  0%| F|  |TAMS 0x0000000082800000, 0x0000000082800000| Untracked 
|  15|0x0000000082900000, 0x0000000082900000, 0x0000000082a00000|  0%| F|  |TAMS 0x0000000082900000, 0x0000000082900000| Untracked 
|  16|0x0000000082a00000, 0x0000000082a00000, 0x0000000082b00000|  0%| F|  |TAMS 0x0000000082a00000, 0x0000000082a00000| Untracked 
|  17|0x0000000082b00000, 0x0000000082b00000, 0x0000000082c00000|  0%| F|  |TAMS 0x0000000082b00000, 0x0000000082b00000| Untracked 
|  18|0x0000000082c00000, 0x0000000082c00000, 0x0000000082d00000|  0%| F|  |TAMS 0x0000000082c00000, 0x0000000082c00000| Untracked 
|  19|0x0000000082d00000, 0x0000000082d00000, 0x0000000082e00000|  0%| F|  |TAMS 0x0000000082d00000, 0x0000000082d00000| Untracked 
|  20|0x0000000082e00000, 0x0000000082e00000, 0x0000000082f00000|  0%| F|  |TAMS 0x0000000082e00000, 0x0000000082e00000| Untracked 
|  21|0x0000000082f00000, 0x0000000082f00000, 0x0000000083000000|  0%| F|  |TAMS 0x0000000082f00000, 0x0000000082f00000| Untracked 
|  22|0x0000000083000000, 0x0000000083000000, 0x0000000083100000|  0%| F|  |TAMS 0x0000000083000000, 0x0000000083000000| Untracked 
|  23|0x0000000083100000, 0x0000000083100000, 0x0000000083200000|  0%| F|  |TAMS 0x0000000083100000, 0x0000000083100000| Untracked 
|  24|0x0000000083200000, 0x0000000083200000, 0x0000000083300000|  0%| F|  |TAMS 0x0000000083200000, 0x0000000083200000| Untracked 
|  25|0x0000000083300000, 0x0000000083300000, 0x0000000083400000|  0%| F|  |TAMS 0x0000000083300000, 0x0000000083300000| Untracked 
|  26|0x0000000083400000, 0x0000000083400000, 0x0000000083500000|  0%| F|  |TAMS 0x0000000083400000, 0x0000000083400000| Untracked 
|  27|0x0000000083500000, 0x0000000083500000, 0x0000000083600000|  0%| F|  |TAMS 0x0000000083500000, 0x0000000083500000| Untracked 
|  28|0x0000000083600000, 0x0000000083600000, 0x0000000083700000|  0%| F|  |TAMS 0x0000000083600000, 0x0000000083600000| Untracked 
|  29|0x0000000083700000, 0x0000000083700000, 0x0000000083800000|  0%| F|  |TAMS 0x0000000083700000, 0x0000000083700000| Untracked 
|  30|0x0000000083800000, 0x0000000083800000, 0x0000000083900000|  0%| F|  |TAMS 0x0000000083800000, 0x0000000083800000| Untracked 
|  31|0x0000000083900000, 0x0000000083900000, 0x0000000083a00000|  0%| F|  |TAMS 0x0000000083900000, 0x0000000083900000| Untracked 
|  32|0x0000000083a00000, 0x0000000083a00000, 0x0000000083b00000|  0%| F|  |TAMS 0x0000000083a00000, 0x0000000083a00000| Untracked 
|  33|0x0000000083b00000, 0x0000000083b00000, 0x0000000083c00000|  0%| F|  |TAMS 0x0000000083b00000, 0x0000000083b00000| Untracked 
|  34|0x0000000083c00000, 0x0000000083c00000, 0x0000000083d00000|  0%| F|  |TAMS 0x0000000083c00000, 0x0000000083c00000| Untracked 
|  35|0x0000000083d00000, 0x0000000083d00000, 0x0000000083e00000|  0%| F|  |TAMS 0x0000000083d00000, 0x0000000083d00000| Untracked 
|  36|0x0000000083e00000, 0x0000000083e00000, 0x0000000083f00000|  0%| F|  |TAMS 0x0000000083e00000, 0x0000000083e00000| Untracked 
|  37|0x0000000083f00000, 0x0000000083f00000, 0x0000000084000000|  0%| F|  |TAMS 0x0000000083f00000, 0x0000000083f00000| Untracked 
|  38|0x0000000084000000, 0x0000000084000000, 0x0000000084100000|  0%| F|  |TAMS 0x0000000084000000, 0x0000000084000000| Untracked 
|  39|0x0000000084100000, 0x0000000084100000, 0x0000000084200000|  0%| F|  |TAMS 0x0000000084100000, 0x0000000084100000| Untracked 
|  40|0x0000000084200000, 0x0000000084200000, 0x0000000084300000|  0%| F|  |TAMS 0x0000000084200000, 0x0000000084200000| Untracked 
|  41|0x0000000084300000, 0x0000000084300000, 0x0000000084400000|  0%| F|  |TAMS 0x0000000084300000, 0x0000000084300000| Untracked 
|  42|0x0000000084400000, 0x0000000084400000, 0x0000000084500000|  0%| F|  |TAMS 0x0000000084400000, 0x0000000084400000| Untracked 
|  43|0x0000000084500000, 0x0000000084500000, 0x0000000084600000|  0%| F|  |TAMS 0x0000000084500000, 0x0000000084500000| Untracked 
|  44|0x0000000084600000, 0x0000000084600000, 0x0000000084700000|  0%| F|  |TAMS 0x0000000084600000, 0x0000000084600000| Untracked 
|  45|0x0000000084700000, 0x0000000084700000, 0x0000000084800000|  0%| F|  |TAMS 0x0000000084700000, 0x0000000084700000| Untracked 
|  46|0x0000000084800000, 0x0000000084800000, 0x0000000084900000|  0%| F|  |TAMS 0x0000000084800000, 0x0000000084800000| Untracked 
|  47|0x0000000084900000, 0x0000000084942f80, 0x0000000084a00000| 26%| S|CS|TAMS 0x0000000084900000, 0x0000000084900000| Complete 
|  48|0x0000000084a00000, 0x0000000084b00000, 0x0000000084b00000|100%| S|CS|TAMS 0x0000000084a00000, 0x0000000084a00000| Complete 
|  49|0x0000000084b00000, 0x0000000084c00000, 0x0000000084c00000|100%| S|CS|TAMS 0x0000000084b00000, 0x0000000084b00000| Complete 
|  50|0x0000000084c00000, 0x0000000084d00000, 0x0000000084d00000|100%| S|CS|TAMS 0x0000000084c00000, 0x0000000084c00000| Complete 
|  51|0x0000000084d00000, 0x0000000084e00000, 0x0000000084e00000|100%| S|CS|TAMS 0x0000000084d00000, 0x0000000084d00000| Complete 
|  52|0x0000000084e00000, 0x0000000084e00000, 0x0000000084f00000|  0%| F|  |TAMS 0x0000000084e00000, 0x0000000084e00000| Untracked 
|  53|0x0000000084f00000, 0x0000000084f00000, 0x0000000085000000|  0%| F|  |TAMS 0x0000000084f00000, 0x0000000084f00000| Untracked 
|  54|0x0000000085000000, 0x0000000085000000, 0x0000000085100000|  0%| F|  |TAMS 0x0000000085000000, 0x0000000085000000| Untracked 
|  55|0x0000000085100000, 0x0000000085100000, 0x0000000085200000|  0%| F|  |TAMS 0x0000000085100000, 0x0000000085100000| Untracked 
|  56|0x0000000085200000, 0x0000000085200000, 0x0000000085300000|  0%| F|  |TAMS 0x0000000085200000, 0x0000000085200000| Untracked 
|  57|0x0000000085300000, 0x0000000085300000, 0x0000000085400000|  0%| F|  |TAMS 0x0000000085300000, 0x0000000085300000| Untracked 
|  58|0x0000000085400000, 0x0000000085400000, 0x0000000085500000|  0%| F|  |TAMS 0x0000000085400000, 0x0000000085400000| Untracked 
|  59|0x0000000085500000, 0x0000000085500000, 0x0000000085600000|  0%| F|  |TAMS 0x0000000085500000, 0x0000000085500000| Untracked 
|  60|0x0000000085600000, 0x0000000085600000, 0x0000000085700000|  0%| F|  |TAMS 0x0000000085600000, 0x0000000085600000| Untracked 
|  61|0x0000000085700000, 0x0000000085700000, 0x0000000085800000|  0%| F|  |TAMS 0x0000000085700000, 0x0000000085700000| Untracked 
|  62|0x0000000085800000, 0x0000000085800000, 0x0000000085900000|  0%| F|  |TAMS 0x0000000085800000, 0x0000000085800000| Untracked 
|  63|0x0000000085900000, 0x0000000085900000, 0x0000000085a00000|  0%| F|  |TAMS 0x0000000085900000, 0x0000000085900000| Untracked 
|  64|0x0000000085a00000, 0x0000000085a00000, 0x0000000085b00000|  0%| F|  |TAMS 0x0000000085a00000, 0x0000000085a00000| Untracked 
|  65|0x0000000085b00000, 0x0000000085b00000, 0x0000000085c00000|  0%| F|  |TAMS 0x0000000085b00000, 0x0000000085b00000| Untracked 
|  66|0x0000000085c00000, 0x0000000085c00000, 0x0000000085d00000|  0%| F|  |TAMS 0x0000000085c00000, 0x0000000085c00000| Untracked 
|  67|0x0000000085d00000, 0x0000000085d00000, 0x0000000085e00000|  0%| F|  |TAMS 0x0000000085d00000, 0x0000000085d00000| Untracked 
|  68|0x0000000085e00000, 0x0000000085e00000, 0x0000000085f00000|  0%| F|  |TAMS 0x0000000085e00000, 0x0000000085e00000| Untracked 
|  69|0x0000000085f00000, 0x0000000085f00000, 0x0000000086000000|  0%| F|  |TAMS 0x0000000085f00000, 0x0000000085f00000| Untracked 
|  70|0x0000000086000000, 0x0000000086000000, 0x0000000086100000|  0%| F|  |TAMS 0x0000000086000000, 0x0000000086000000| Untracked 
|  71|0x0000000086100000, 0x0000000086100000, 0x0000000086200000|  0%| F|  |TAMS 0x0000000086100000, 0x0000000086100000| Untracked 
|  72|0x0000000086200000, 0x0000000086200000, 0x0000000086300000|  0%| F|  |TAMS 0x0000000086200000, 0x0000000086200000| Untracked 
|  73|0x0000000086300000, 0x0000000086300000, 0x0000000086400000|  0%| F|  |TAMS 0x0000000086300000, 0x0000000086300000| Untracked 
|  74|0x0000000086400000, 0x0000000086400000, 0x0000000086500000|  0%| F|  |TAMS 0x0000000086400000, 0x0000000086400000| Untracked 
|  75|0x0000000086500000, 0x0000000086500000, 0x0000000086600000|  0%| F|  |TAMS 0x0000000086500000, 0x0000000086500000| Untracked 
|  76|0x0000000086600000, 0x0000000086600000, 0x0000000086700000|  0%| F|  |TAMS 0x0000000086600000, 0x0000000086600000| Untracked 
|  77|0x0000000086700000, 0x0000000086700000, 0x0000000086800000|  0%| F|  |TAMS 0x0000000086700000, 0x0000000086700000| Untracked 
|  78|0x0000000086800000, 0x0000000086800000, 0x0000000086900000|  0%| F|  |TAMS 0x0000000086800000, 0x0000000086800000| Untracked 
|  79|0x0000000086900000, 0x0000000086900000, 0x0000000086a00000|  0%| F|  |TAMS 0x0000000086900000, 0x0000000086900000| Untracked 
|  80|0x0000000086a00000, 0x0000000086a00000, 0x0000000086b00000|  0%| F|  |TAMS 0x0000000086a00000, 0x0000000086a00000| Untracked 
|  81|0x0000000086b00000, 0x0000000086b00000, 0x0000000086c00000|  0%| F|  |TAMS 0x0000000086b00000, 0x0000000086b00000| Untracked 
|  82|0x0000000086c00000, 0x0000000086c00000, 0x0000000086d00000|  0%| F|  |TAMS 0x0000000086c00000, 0x0000000086c00000| Untracked 
|  83|0x0000000086d00000, 0x0000000086d00000, 0x0000000086e00000|  0%| F|  |TAMS 0x0000000086d00000, 0x0000000086d00000| Untracked 
|  84|0x0000000086e00000, 0x0000000086e00000, 0x0000000086f00000|  0%| F|  |TAMS 0x0000000086e00000, 0x0000000086e00000| Untracked 
|  85|0x0000000086f00000, 0x0000000086f00000, 0x0000000087000000|  0%| F|  |TAMS 0x0000000086f00000, 0x0000000086f00000| Untracked 
|  86|0x0000000087000000, 0x0000000087000000, 0x0000000087100000|  0%| F|  |TAMS 0x0000000087000000, 0x0000000087000000| Untracked 
|  87|0x0000000087100000, 0x0000000087100000, 0x0000000087200000|  0%| F|  |TAMS 0x0000000087100000, 0x0000000087100000| Untracked 
|  88|0x0000000087200000, 0x0000000087200000, 0x0000000087300000|  0%| F|  |TAMS 0x0000000087200000, 0x0000000087200000| Untracked 
|  89|0x0000000087300000, 0x0000000087300000, 0x0000000087400000|  0%| F|  |TAMS 0x0000000087300000, 0x0000000087300000| Untracked 
|  90|0x0000000087400000, 0x0000000087400000, 0x0000000087500000|  0%| F|  |TAMS 0x0000000087400000, 0x0000000087400000| Untracked 
|  91|0x0000000087500000, 0x0000000087500000, 0x0000000087600000|  0%| F|  |TAMS 0x0000000087500000, 0x0000000087500000| Untracked 
|  92|0x0000000087600000, 0x0000000087600000, 0x0000000087700000|  0%| F|  |TAMS 0x0000000087600000, 0x0000000087600000| Untracked 
|  93|0x0000000087700000, 0x0000000087700000, 0x0000000087800000|  0%| F|  |TAMS 0x0000000087700000, 0x0000000087700000| Untracked 
|  94|0x0000000087800000, 0x0000000087800000, 0x0000000087900000|  0%| F|  |TAMS 0x0000000087800000, 0x0000000087800000| Untracked 
|  95|0x0000000087900000, 0x0000000087900000, 0x0000000087a00000|  0%| F|  |TAMS 0x0000000087900000, 0x0000000087900000| Untracked 
|  96|0x0000000087a00000, 0x0000000087a00000, 0x0000000087b00000|  0%| F|  |TAMS 0x0000000087a00000, 0x0000000087a00000| Untracked 
|  97|0x0000000087b00000, 0x0000000087b00000, 0x0000000087c00000|  0%| F|  |TAMS 0x0000000087b00000, 0x0000000087b00000| Untracked 
|  98|0x0000000087c00000, 0x0000000087c00000, 0x0000000087d00000|  0%| F|  |TAMS 0x0000000087c00000, 0x0000000087c00000| Untracked 
|  99|0x0000000087d00000, 0x0000000087d00000, 0x0000000087e00000|  0%| F|  |TAMS 0x0000000087d00000, 0x0000000087d00000| Untracked 
| 100|0x0000000087e00000, 0x0000000087e00000, 0x0000000087f00000|  0%| F|  |TAMS 0x0000000087e00000, 0x0000000087e00000| Untracked 
| 101|0x0000000087f00000, 0x0000000087f00000, 0x0000000088000000|  0%| F|  |TAMS 0x0000000087f00000, 0x0000000087f00000| Untracked 
| 102|0x0000000088000000, 0x0000000088000000, 0x0000000088100000|  0%| F|  |TAMS 0x0000000088000000, 0x0000000088000000| Untracked 
| 103|0x0000000088100000, 0x0000000088100000, 0x0000000088200000|  0%| F|  |TAMS 0x0000000088100000, 0x0000000088100000| Untracked 
| 104|0x0000000088200000, 0x0000000088200000, 0x0000000088300000|  0%| F|  |TAMS 0x0000000088200000, 0x0000000088200000| Untracked 
| 105|0x0000000088300000, 0x0000000088300000, 0x0000000088400000|  0%| F|  |TAMS 0x0000000088300000, 0x0000000088300000| Untracked 
| 106|0x0000000088400000, 0x0000000088400000, 0x0000000088500000|  0%| F|  |TAMS 0x0000000088400000, 0x0000000088400000| Untracked 
| 107|0x0000000088500000, 0x0000000088500000, 0x0000000088600000|  0%| F|  |TAMS 0x0000000088500000, 0x0000000088500000| Untracked 
| 108|0x0000000088600000, 0x0000000088600000, 0x0000000088700000|  0%| F|  |TAMS 0x0000000088600000, 0x0000000088600000| Untracked 
| 109|0x0000000088700000, 0x0000000088700000, 0x0000000088800000|  0%| F|  |TAMS 0x0000000088700000, 0x0000000088700000| Untracked 
| 110|0x0000000088800000, 0x0000000088800000, 0x0000000088900000|  0%| F|  |TAMS 0x0000000088800000, 0x0000000088800000| Untracked 
| 111|0x0000000088900000, 0x0000000088900000, 0x0000000088a00000|  0%| F|  |TAMS 0x0000000088900000, 0x0000000088900000| Untracked 
| 112|0x0000000088a00000, 0x0000000088a00000, 0x0000000088b00000|  0%| F|  |TAMS 0x0000000088a00000, 0x0000000088a00000| Untracked 
| 113|0x0000000088b00000, 0x0000000088b00000, 0x0000000088c00000|  0%| F|  |TAMS 0x0000000088b00000, 0x0000000088b00000| Untracked 
| 114|0x0000000088c00000, 0x0000000088c00000, 0x0000000088d00000|  0%| F|  |TAMS 0x0000000088c00000, 0x0000000088c00000| Untracked 
| 115|0x0000000088d00000, 0x0000000088d00000, 0x0000000088e00000|  0%| F|  |TAMS 0x0000000088d00000, 0x0000000088d00000| Untracked 
| 116|0x0000000088e00000, 0x0000000088e873e0, 0x0000000088f00000| 52%| E|  |TAMS 0x0000000088e00000, 0x0000000088e00000| Complete 
| 117|0x0000000088f00000, 0x0000000089000000, 0x0000000089000000|100%| E|CS|TAMS 0x0000000088f00000, 0x0000000088f00000| Complete 
| 118|0x0000000089000000, 0x0000000089100000, 0x0000000089100000|100%| E|CS|TAMS 0x0000000089000000, 0x0000000089000000| Complete 
| 119|0x0000000089100000, 0x0000000089200000, 0x0000000089200000|100%| E|CS|TAMS 0x0000000089100000, 0x0000000089100000| Complete 
| 120|0x0000000089200000, 0x0000000089300000, 0x0000000089300000|100%| E|CS|TAMS 0x0000000089200000, 0x0000000089200000| Complete 
| 121|0x0000000089300000, 0x0000000089400000, 0x0000000089400000|100%| E|CS|TAMS 0x0000000089300000, 0x0000000089300000| Complete 
| 122|0x0000000089400000, 0x0000000089500000, 0x0000000089500000|100%| E|CS|TAMS 0x0000000089400000, 0x0000000089400000| Complete 
| 123|0x0000000089500000, 0x0000000089600000, 0x0000000089600000|100%| E|CS|TAMS 0x0000000089500000, 0x0000000089500000| Complete 
| 124|0x0000000089600000, 0x0000000089700000, 0x0000000089700000|100%| E|CS|TAMS 0x0000000089600000, 0x0000000089600000| Complete 
| 125|0x0000000089700000, 0x0000000089800000, 0x0000000089800000|100%| E|CS|TAMS 0x0000000089700000, 0x0000000089700000| Complete 
| 126|0x0000000089800000, 0x0000000089900000, 0x0000000089900000|100%| E|CS|TAMS 0x0000000089800000, 0x0000000089800000| Complete 
| 127|0x0000000089900000, 0x0000000089a00000, 0x0000000089a00000|100%| E|CS|TAMS 0x0000000089900000, 0x0000000089900000| Complete 

Card table byte_map: [0x00000167604a0000,0x00000167608a0000] _byte_map_base: 0x0000016760093000

Marking Bits (Prev, Next): (CMBitMap*) 0x00000167499a8240, (CMBitMap*) 0x00000167499a8280
 Prev Bits: [0x0000016760ca0000, 0x0000016762c38000)
 Next Bits: [0x0000016762c40000, 0x0000016764bd8000)

Polling page: 0x0000016749100000

Metaspace:

Usage:
  Non-class:     17.04 MB used.
      Class:      2.32 MB used.
       Both:     19.37 MB used.

Virtual space:
  Non-class space:       24.00 MB reserved,      17.19 MB ( 72%) committed,  3 nodes.
      Class space:        1.00 GB reserved,       2.44 MB ( <1%) committed,  1 nodes.
              Both:        1.02 GB reserved,      19.62 MB (  2%) committed. 

Chunk freelists:
   Non-Class:  2.34 MB
       Class:  1.55 MB
        Both:  3.89 MB

MaxMetaspaceSize: 17179869184.00 GB
CompressedClassSpaceSize: 1.00 GB
 - commit_granule_bytes: 65536.
 - commit_granule_words: 8192.
 - virtual_space_node_default_size: 1048576.
 - enlarge_chunks_in_place: 1.
 - new_chunks_are_fully_committed: 0.
 - uncommit_free_chunks: 1.
 - use_allocation_guard: 0.
 - handle_deallocations: 1.


Internal statistics:

num_allocs_failed_limit: 0.
num_arena_births: 238.
num_arena_deaths: 0.
num_vsnodes_births: 4.
num_vsnodes_deaths: 0.
num_space_committed: 314.
num_space_uncommitted: 0.
num_chunks_returned_to_freelist: 0.
num_chunks_taken_from_freelist: 932.
num_chunk_merges: 0.
num_chunk_splits: 622.
num_chunks_enlarged: 468.
num_purges: 0.

CodeHeap 'non-profiled nmethods': size=120000Kb used=1269Kb max_used=1269Kb free=118731Kb
 bounds [0x0000016758b70000, 0x0000016758de0000, 0x00000167600a0000]
CodeHeap 'profiled nmethods': size=120000Kb used=5955Kb max_used=5955Kb free=114044Kb
 bounds [0x0000016751640000, 0x0000016751c20000, 0x0000016758b70000]
CodeHeap 'non-nmethods': size=5760Kb used=1204Kb max_used=1246Kb free=4555Kb
 bounds [0x00000167510a0000, 0x0000016751310000, 0x0000016751640000]
 total_blobs=3352 nmethods=2854 adapters=410
 compilation: enabled
              stopped_count=0, restarted_count=0
 full_count=0

Compilation events (20 events):
Event: 2.972 Thread 0x00000167670be2a0 2831       3       org.springframework.core.annotation.AnnotationTypeMapping$MirrorSets$MirrorSet::resolve (258 bytes)
Event: 2.975 Thread 0x00000167670be2a0 nmethod 2831 0x0000016751bf1f10 code [0x0000016751bf2380, 0x0000016751bf47c8]
Event: 2.975 Thread 0x00000167670be2a0 2832       1       org.springframework.core.type.StandardAnnotationMetadata::getAnnotations (5 bytes)
Event: 2.975 Thread 0x00000167670be2a0 nmethod 2832 0x0000016758ca6410 code [0x0000016758ca65a0, 0x0000016758ca6678]
Event: 2.981 Thread 0x00000167670be2a0 2834       3       java.lang.reflect.Proxy$ProxyBuilder::getElementType (19 bytes)
Event: 2.981 Thread 0x00000167670be2a0 nmethod 2834 0x0000016751bf5590 code [0x0000016751bf5760, 0x0000016751bf5a18]
Event: 2.981 Thread 0x00000167670be2a0 2833       3       java.lang.reflect.Proxy$ProxyBuilder::addElementType (19 bytes)
Event: 2.982 Thread 0x00000167670be2a0 nmethod 2833 0x0000016751bf5b90 code [0x0000016751bf5d80, 0x0000016751bf6328]
Event: 2.982 Thread 0x00000167670be2a0 2835       3       org.springframework.core.annotation.TypeMappedAnnotations::get (52 bytes)
Event: 2.983 Thread 0x00000167670be2a0 nmethod 2835 0x0000016751bf6510 code [0x0000016751bf6720, 0x0000016751bf6da8]
Event: 2.986 Thread 0x00000167670be2a0 2836       3       org.springframework.core.annotation.AnnotationsScanner::process (43 bytes)
Event: 2.987 Thread 0x00000167670be2a0 nmethod 2836 0x0000016751bf6f90 code [0x0000016751bf7180, 0x0000016751bf77c8]
Event: 2.987 Thread 0x00000167670be2a0 2837       3       sun.reflect.annotation.AnnotationParser::parseAnnotations2 (135 bytes)
Event: 2.988 Thread 0x00000167670be2a0 nmethod 2837 0x0000016751bf7910 code [0x0000016751bf7c60, 0x0000016751bf8e58]
Event: 2.988 Thread 0x00000167670be2a0 2838       3       sun.reflect.annotation.AnnotationParser$1::run (40 bytes)
Event: 2.989 Thread 0x00000167670be2a0 nmethod 2838 0x0000016751bf9590 code [0x0000016751bf9820, 0x0000016751bfa678]
Event: 2.989 Thread 0x00000167670be2a0 2839       3       jdk.internal.reflect.ClassFileAssembler::emitConstantPoolNameAndType (28 bytes)
Event: 2.990 Thread 0x00000167670be2a0 nmethod 2839 0x0000016751bfaa90 code [0x0000016751bfacc0, 0x0000016751bfb388]
Event: 2.991 Thread 0x0000016767d27720 nmethod 2796 0x0000016758ca6710 code [0x0000016758ca69a0, 0x0000016758ca8440]
Event: 2.991 Thread 0x0000016767d27720 2812       4       org.springframework.beans.factory.support.AbstractBeanFactory::isFactoryBean (60 bytes)

GC Heap History (8 events):
Event: 0.816 GC heap before
{Heap before GC invocations=0 (full 0):
 garbage-first heap   total 131072K, used 13312K [0x0000000081a00000, 0x0000000100000000)
  region size 1024K, 13 young (13312K), 0 survivors (0K)
 Metaspace       used 2806K, committed 2944K, reserved 1056768K
  class space    used 250K, committed 320K, reserved 1048576K
}
Event: 0.822 GC heap after
{Heap after GC invocations=1 (full 0):
 garbage-first heap   total 131072K, used 5741K [0x0000000081a00000, 0x0000000100000000)
  region size 1024K, 2 young (2048K), 2 survivors (2048K)
 Metaspace       used 2806K, committed 2944K, reserved 1056768K
  class space    used 250K, committed 320K, reserved 1048576K
}
Event: 1.228 GC heap before
{Heap before GC invocations=1 (full 0):
 garbage-first heap   total 131072K, used 15981K [0x0000000081a00000, 0x0000000100000000)
  region size 1024K, 12 young (12288K), 2 survivors (2048K)
 Metaspace       used 5951K, committed 6208K, reserved 1056768K
  class space    used 652K, committed 768K, reserved 1048576K
}
Event: 1.231 GC heap after
{Heap after GC invocations=2 (full 0):
 garbage-first heap   total 131072K, used 7188K [0x0000000081a00000, 0x0000000100000000)
  region size 1024K, 2 young (2048K), 2 survivors (2048K)
 Metaspace       used 5951K, committed 6208K, reserved 1056768K
  class space    used 652K, committed 768K, reserved 1048576K
}
Event: 1.841 GC heap before
{Heap before GC invocations=2 (full 0):
 garbage-first heap   total 131072K, used 30740K [0x0000000081a00000, 0x0000000100000000)
  region size 1024K, 26 young (26624K), 2 survivors (2048K)
 Metaspace       used 12120K, committed 12352K, reserved 1064960K
  class space    used 1415K, committed 1536K, reserved 1048576K
}
Event: 1.844 GC heap after
{Heap after GC invocations=3 (full 0):
 garbage-first heap   total 131072K, used 8487K [0x0000000081a00000, 0x0000000100000000)
  region size 1024K, 3 young (3072K), 3 survivors (3072K)
 Metaspace       used 12120K, committed 12352K, reserved 1064960K
  class space    used 1415K, committed 1536K, reserved 1048576K
}
Event: 2.724 GC heap before
{Heap before GC invocations=3 (full 0):
 garbage-first heap   total 131072K, used 82215K [0x0000000081a00000, 0x0000000100000000)
  region size 1024K, 76 young (77824K), 3 survivors (3072K)
 Metaspace       used 17846K, committed 18112K, reserved 1073152K
  class space    used 2112K, committed 2240K, reserved 1048576K
}
Event: 2.730 GC heap after
{Heap after GC invocations=4 (full 0):
 garbage-first heap   total 131072K, used 10365K [0x0000000081a00000, 0x0000000100000000)
  region size 1024K, 5 young (5120K), 5 survivors (5120K)
 Metaspace       used 17846K, committed 18112K, reserved 1073152K
  class space    used 2112K, committed 2240K, reserved 1048576K
}

Deoptimization events (20 events):
Event: 2.614 Thread 0x000001674996b0c0 Uncommon trap: trap_request=0xffffffde fr.pc=0x0000016758c74560 relative=0x00000000000001c0
Event: 2.614 Thread 0x000001674996b0c0 Uncommon trap: reason=class_check action=maybe_recompile pc=0x0000016758c74560 method=java.lang.String.equals(Ljava/lang/Object;)Z @ 8 c2
Event: 2.614 Thread 0x000001674996b0c0 DEOPT PACKING pc=0x0000016758c74560 sp=0x0000002a969fe470
Event: 2.614 Thread 0x000001674996b0c0 DEOPT UNPACKING pc=0x00000167510ed72e sp=0x0000002a969fe398 mode 2
Event: 2.614 Thread 0x000001674996b0c0 Uncommon trap: trap_request=0xffffffde fr.pc=0x0000016758b7bea8 relative=0x0000000000000188
Event: 2.614 Thread 0x000001674996b0c0 Uncommon trap: reason=class_check action=maybe_recompile pc=0x0000016758b7bea8 method=java.lang.String.equals(Ljava/lang/Object;)Z @ 8 c2
Event: 2.614 Thread 0x000001674996b0c0 DEOPT PACKING pc=0x0000016758b7bea8 sp=0x0000002a969fe3e0
Event: 2.614 Thread 0x000001674996b0c0 DEOPT UNPACKING pc=0x00000167510ed72e sp=0x0000002a969fe388 mode 2
Event: 2.718 Thread 0x000001674996b0c0 Uncommon trap: trap_request=0xffffff45 fr.pc=0x0000016758c17f98 relative=0x00000000000000f8
Event: 2.718 Thread 0x000001674996b0c0 Uncommon trap: reason=unstable_if action=reinterpret pc=0x0000016758c17f98 method=java.util.Arrays.equals([Ljava/lang/Object;[Ljava/lang/Object;)Z @ 44 c2
Event: 2.718 Thread 0x000001674996b0c0 DEOPT PACKING pc=0x0000016758c17f98 sp=0x0000002a969fddd0
Event: 2.719 Thread 0x000001674996b0c0 DEOPT UNPACKING pc=0x00000167510ed72e sp=0x0000002a969fdd70 mode 2
Event: 2.819 Thread 0x000001674996b0c0 Uncommon trap: trap_request=0xffffff45 fr.pc=0x0000016758c92e28 relative=0x00000000000001e8
Event: 2.819 Thread 0x000001674996b0c0 Uncommon trap: reason=unstable_if action=reinterpret pc=0x0000016758c92e28 method=org.springframework.beans.factory.support.AbstractBeanFactory.isFactoryBean(Ljava/lang/String;Lorg/springframework/beans/factory/support/RootBeanDefinition;)Z @ 38 c2
Event: 2.819 Thread 0x000001674996b0c0 DEOPT PACKING pc=0x0000016758c92e28 sp=0x0000002a969fe480
Event: 2.819 Thread 0x000001674996b0c0 DEOPT UNPACKING pc=0x00000167510ed72e sp=0x0000002a969fe440 mode 2
Event: 2.863 Thread 0x000001674996b0c0 Uncommon trap: trap_request=0xffffff45 fr.pc=0x0000016758c8f4f8 relative=0x0000000000000598
Event: 2.863 Thread 0x000001674996b0c0 Uncommon trap: reason=unstable_if action=reinterpret pc=0x0000016758c8f4f8 method=org.springframework.beans.factory.support.AbstractBeanFactory.getMergedLocalBeanDefinition(Ljava/lang/String;)Lorg/springframework/beans/factory/support/RootBeanDefinition; 
Event: 2.863 Thread 0x000001674996b0c0 DEOPT PACKING pc=0x0000016758c8f4f8 sp=0x0000002a969fe230
Event: 2.863 Thread 0x000001674996b0c0 DEOPT UNPACKING pc=0x00000167510ed72e sp=0x0000002a969fe1e8 mode 2

Classes unloaded (0 events):
No events

Classes redefined (0 events):
No events

Internal exceptions (20 events):
Event: 1.932 Thread 0x000001674996b0c0 Exception <a 'java/lang/ClassNotFoundException'{0x000000008928da40}: org/springframework/beans/factory/config/BeanFactoryPostProcessorCustomizer> (0x000000008928da40) 
thrown [t:\workspace\open\src\hotspot\share\classfile\systemDictionary.cpp, line 256]
Event: 1.932 Thread 0x000001674996b0c0 Exception <a 'java/lang/ClassNotFoundException'{0x0000000089292358}: org/springframework/core/PriorityOrderedCustomizer> (0x0000000089292358) 
thrown [t:\workspace\open\src\hotspot\share\classfile\systemDictionary.cpp, line 256]
Event: 1.933 Thread 0x000001674996b0c0 Exception <a 'java/lang/ClassNotFoundException'{0x00000000892958b8}: org/springframework/core/OrderedCustomizer> (0x00000000892958b8) 
thrown [t:\workspace\open\src\hotspot\share\classfile\systemDictionary.cpp, line 256]
Event: 1.935 Thread 0x000001674996b0c0 Exception <a 'java/lang/ClassNotFoundException'{0x000000008929a020}: org/springframework/context/ResourceLoaderAwareCustomizer> (0x000000008929a020) 
thrown [t:\workspace\open\src\hotspot\share\classfile\systemDictionary.cpp, line 256]
Event: 1.936 Thread 0x000001674996b0c0 Exception <a 'java/lang/ClassNotFoundException'{0x000000008929e8b0}: org/springframework/beans/factory/AwareCustomizer> (0x000000008929e8b0) 
thrown [t:\workspace\open\src\hotspot\share\classfile\systemDictionary.cpp, line 256]
Event: 1.936 Thread 0x000001674996b0c0 Exception <a 'java/lang/ClassNotFoundException'{0x00000000892a2128}: org/springframework/context/ApplicationStartupAwareCustomizer> (0x00000000892a2128) 
thrown [t:\workspace\open\src\hotspot\share\classfile\systemDictionary.cpp, line 256]
Event: 1.936 Thread 0x000001674996b0c0 Exception <a 'java/lang/ClassNotFoundException'{0x00000000892a6c30}: org/springframework/beans/factory/AwareCustomizer> (0x00000000892a6c30) 
thrown [t:\workspace\open\src\hotspot\share\classfile\systemDictionary.cpp, line 256]
Event: 1.937 Thread 0x000001674996b0c0 Exception <a 'java/lang/ClassNotFoundException'{0x00000000892aa4f0}: org/springframework/beans/factory/BeanClassLoaderAwareCustomizer> (0x00000000892aa4f0) 
thrown [t:\workspace\open\src\hotspot\share\classfile\systemDictionary.cpp, line 256]
Event: 1.937 Thread 0x000001674996b0c0 Exception <a 'java/lang/ClassNotFoundException'{0x00000000892aed98}: org/springframework/beans/factory/AwareCustomizer> (0x00000000892aed98) 
thrown [t:\workspace\open\src\hotspot\share\classfile\systemDictionary.cpp, line 256]
Event: 1.937 Thread 0x000001674996b0c0 Exception <a 'java/lang/ClassNotFoundException'{0x00000000892b23e8}: org/springframework/context/EnvironmentAwareCustomizer> (0x00000000892b23e8) 
thrown [t:\workspace\open\src\hotspot\share\classfile\systemDictionary.cpp, line 256]
Event: 1.939 Thread 0x000001674996b0c0 Exception <a 'java/lang/ClassNotFoundException'{0x00000000892b6c08}: org/springframework/beans/factory/AwareCustomizer> (0x00000000892b6c08) 
thrown [t:\workspace\open\src\hotspot\share\classfile\systemDictionary.cpp, line 256]
Event: 1.963 Thread 0x000001676887d4f0 Exception <a 'java/lang/NoSuchMethodError'{0x0000000089051b68}: 'long java.lang.invoke.DirectMethodHandle$Holder.invokeSpecial(java.lang.Object, java.lang.Object)'> (0x0000000089051b68) 
thrown [t:\workspace\open\src\hotspot\share\interpreter\linkResolver.cpp, line 790]
Event: 1.965 Thread 0x000001676887d4f0 Exception <a 'java/lang/NoSuchMethodError'{0x000000008905cd60}: 'long java.lang.invoke.DirectMethodHandle$Holder.invokeStatic(java.lang.Object, java.lang.Object)'> (0x000000008905cd60) 
thrown [t:\workspace\open\src\hotspot\share\interpreter\linkResolver.cpp, line 790]
Event: 1.967 Thread 0x000001676887d4f0 Exception <a 'java/lang/NoSuchMethodError'{0x0000000089060540}: 'long java.lang.invoke.DirectMethodHandle$Holder.invokeStaticInit(java.lang.Object, java.lang.Object)'> (0x0000000089060540) 
thrown [t:\workspace\open\src\hotspot\share\interpreter\linkResolver.cpp, line 790]
Event: 1.970 Thread 0x000001676887d4f0 Exception <a 'java/lang/NoSuchMethodError'{0x000000008906e458}: 'long java.lang.invoke.DirectMethodHandle$Holder.invokeInterface(java.lang.Object, java.lang.Object)'> (0x000000008906e458) 
thrown [t:\workspace\open\src\hotspot\share\interpreter\linkResolver.cpp, line 790]
Event: 1.971 Thread 0x000001676887d4f0 Exception <a 'java/lang/IncompatibleClassChangeError'{0x0000000089071bb8}: Found class java.lang.Object, but interface was expected> (0x0000000089071bb8) 
thrown [t:\workspace\open\src\hotspot\share\interpreter\linkResolver.cpp, line 857]
Event: 1.972 Thread 0x000001674996b0c0 Exception <a 'java/lang/NoSuchMethodError'{0x00000000890ad450}: 'java.lang.Object java.lang.invoke.DirectMethodHandle$Holder.invokeVirtual(java.lang.Object, java.lang.Object, java.lang.Object)'> (0x00000000890ad450) 
thrown [t:\workspace\open\src\hotspot\share\interpreter\linkResolver.cpp, line 790]
Event: 1.988 Thread 0x000001676887d4f0 Exception <a 'java/lang/NoSuchMethodError'{0x0000000088f5dd00}: 'java.lang.Object java.lang.invoke.DirectMethodHandle$Holder.invokeVirtual(java.lang.Object, java.lang.Object, java.lang.Object, java.lang.Object)'> (0x0000000088f5dd00) 
thrown [t:\workspace\open\src\hotspot\share\interpreter\linkResolver.cpp, line 790]
Event: 2.121 Thread 0x000001674996b0c0 Exception <a 'java/lang/IncompatibleClassChangeError'{0x0000000086227a90}: Found class java.lang.Object, but interface was expected> (0x0000000086227a90) 
thrown [t:\workspace\open\src\hotspot\share\interpreter\linkResolver.cpp, line 857]
Event: 2.191 Thread 0x000001674996b0c0 Exception <a 'java/lang/NoSuchMethodError'{0x00000000861cb168}: 'void java.lang.invoke.DirectMethodHandle$Holder.invokeInterface(java.lang.Object, java.lang.Object, java.lang.Object, java.lang.Object)'> (0x00000000861cb168) 
thrown [t:\workspace\open\src\hotspot\share\interpreter\linkResolver.cpp, line 790]

Events (20 events):
Event: 2.058 loading class javax/naming/ldap/LdapContext done
Event: 2.074 Thread 0x000001676922bbe0 Thread exited: 0x000001676922bbe0
Event: 2.153 loading class java/lang/Deprecated
Event: 2.153 loading class java/lang/Deprecated done
Event: 2.237 loading class jdk/internal/access/foreign/MemorySegmentProxy
Event: 2.237 loading class jdk/internal/access/foreign/MemorySegmentProxy done
Event: 2.361 Executing  VM operation: ICBufferFull
Event: 2.361 Executing  VM operation: ICBufferFull done
Event: 2.619 Executing  VM operation: HandshakeAllThreads
Event: 2.619 Executing  VM operation: HandshakeAllThreads done
Event: 2.724 Executing  VM operation: G1CollectForAllocation
Event: 2.730 Executing  VM operation: G1CollectForAllocation done
Event: 2.798 loading class java/lang/UnsupportedClassVersionError
Event: 2.798 loading class java/lang/ClassFormatError
Event: 2.798 loading class java/lang/ClassFormatError done
Event: 2.798 loading class java/lang/UnsupportedClassVersionError done
Event: 2.846 Executing  VM operation: HandshakeAllThreads
Event: 2.846 Executing  VM operation: HandshakeAllThreads done
Event: 2.861 Executing  VM operation: HandshakeAllThreads
Event: 2.861 Executing  VM operation: HandshakeAllThreads done


Dynamic libraries:
0x00007ff6eda00000 - 0x00007ff6eda10000 	C:\Program Files\Java\jdk-16.0.1\bin\java.exe
0x00007ffba8410000 - 0x00007ffba8605000 	C:\WINDOWS\SYSTEM32\ntdll.dll
0x00007ffba7d10000 - 0x00007ffba7dce000 	C:\WINDOWS\System32\KERNEL32.DLL
0x00007ffba5c20000 - 0x00007ffba5ee8000 	C:\WINDOWS\System32\KERNELBASE.dll
0x00007ffba6350000 - 0x00007ffba6450000 	C:\WINDOWS\System32\ucrtbase.dll
0x00007ffba3410000 - 0x00007ffba3428000 	C:\Program Files\Java\jdk-16.0.1\bin\jli.dll
0x00007ffba67c0000 - 0x00007ffba686e000 	C:\WINDOWS\System32\ADVAPI32.dll
0x00007ffba6870000 - 0x00007ffba690e000 	C:\WINDOWS\System32\msvcrt.dll
0x00007ffba6940000 - 0x00007ffba69dc000 	C:\WINDOWS\System32\sechost.dll
0x00007ffba6560000 - 0x00007ffba6685000 	C:\WINDOWS\System32\RPCRT4.dll
0x00007ffba6b60000 - 0x00007ffba6d00000 	C:\WINDOWS\System32\USER32.dll
0x00007ffba5ef0000 - 0x00007ffba5f12000 	C:\WINDOWS\System32\win32u.dll
0x00007ffba6910000 - 0x00007ffba693a000 	C:\WINDOWS\System32\GDI32.dll
0x00007ffba6450000 - 0x00007ffba655b000 	C:\WINDOWS\System32\gdi32full.dll
0x00007ffba6040000 - 0x00007ffba60dd000 	C:\WINDOWS\System32\msvcp_win.dll
0x00007ffba17b0000 - 0x00007ffba17c9000 	C:\Program Files\Java\jdk-16.0.1\bin\VCRUNTIME140.dll
0x00007ffb93a10000 - 0x00007ffb93caa000 	C:\WINDOWS\WinSxS\amd64_microsoft.windows.common-controls_6595b64144ccf1df_6.0.19041.1110_none_60b5254171f9507e\COMCTL32.dll
0x00007ffb99040000 - 0x00007ffb9904a000 	C:\WINDOWS\SYSTEM32\VERSION.dll
0x00007ffba6df0000 - 0x00007ffba6e20000 	C:\WINDOWS\System32\IMM32.DLL
0x00007ffb828e0000 - 0x00007ffb829f5000 	C:\Program Files\Topaz OFD\Warsaw\wslbscr64.dll
0x00007ffba6e20000 - 0x00007ffba7564000 	C:\WINDOWS\System32\SHELL32.dll
0x00007ffba48f0000 - 0x00007ffba4923000 	C:\WINDOWS\SYSTEM32\ntmarta.dll
0x00007ffb76200000 - 0x00007ffb762f3000 	C:\Program Files\Topaz OFD\Warsaw\wslbscrwh64.dll
0x00007ffba1900000 - 0x00007ffba190c000 	C:\Program Files\Java\jdk-16.0.1\bin\vcruntime140_1.dll
0x00007ffb87db0000 - 0x00007ffb87e41000 	C:\Program Files\Java\jdk-16.0.1\bin\msvcp140.dll
0x00007ffb5dd50000 - 0x00007ffb5e8fb000 	C:\Program Files\Java\jdk-16.0.1\bin\server\jvm.dll
0x00007ffba7b70000 - 0x00007ffba7b78000 	C:\WINDOWS\System32\PSAPI.DLL
0x00007ffb96e70000 - 0x00007ffb96e79000 	C:\WINDOWS\SYSTEM32\WSOCK32.dll
0x00007ffba7f80000 - 0x00007ffba7feb000 	C:\WINDOWS\System32\WS2_32.dll
0x00007ffb8b9e0000 - 0x00007ffb8ba07000 	C:\WINDOWS\SYSTEM32\WINMM.dll
0x00007ffba3b20000 - 0x00007ffba3b32000 	C:\WINDOWS\SYSTEM32\kernel.appcore.dll
0x00007ffba17a0000 - 0x00007ffba17aa000 	C:\Program Files\Java\jdk-16.0.1\bin\jimage.dll
0x00007ffb976d0000 - 0x00007ffb978b4000 	C:\WINDOWS\SYSTEM32\DBGHELP.DLL
0x00007ffb96f90000 - 0x00007ffb96fbc000 	C:\WINDOWS\SYSTEM32\dbgcore.DLL
0x00007ffba6130000 - 0x00007ffba61b2000 	C:\WINDOWS\System32\bcryptPrimitives.dll
0x00007ffba1790000 - 0x00007ffba179e000 	C:\Program Files\Java\jdk-16.0.1\bin\instrument.dll
0x00007ffb96de0000 - 0x00007ffb96e05000 	C:\Program Files\Java\jdk-16.0.1\bin\java.dll
0x00007ffba3d20000 - 0x00007ffba44b4000 	C:\WINDOWS\SYSTEM32\windows.storage.dll
0x00007ffba7ff0000 - 0x00007ffba8344000 	C:\WINDOWS\System32\combase.dll
0x00007ffba54e0000 - 0x00007ffba550c000 	C:\WINDOWS\SYSTEM32\Wldp.dll
0x00007ffba6690000 - 0x00007ffba673d000 	C:\WINDOWS\System32\SHCORE.dll
0x0000016767230000 - 0x0000016767285000 	C:\WINDOWS\System32\shlwapi.dll
0x00007ffba5b60000 - 0x00007ffba5b7f000 	C:\WINDOWS\SYSTEM32\profapi.dll
0x00007ffb8bdf0000 - 0x00007ffb8be08000 	C:\Program Files\Java\jdk-16.0.1\bin\zip.dll
0x00007ffb98660000 - 0x00007ffb98679000 	C:\Program Files\Java\jdk-16.0.1\bin\net.dll
0x00007ffb9e230000 - 0x00007ffb9e33a000 	C:\WINDOWS\SYSTEM32\WINHTTP.dll
0x00007ffba52c0000 - 0x00007ffba532a000 	C:\WINDOWS\system32\mswsock.dll
0x00007ffb8c170000 - 0x00007ffb8c183000 	C:\Program Files\Java\jdk-16.0.1\bin\nio.dll
0x00007ffb8bdd0000 - 0x00007ffb8bdea000 	C:\Program Files\JetBrains\IntelliJ IDEA Community Edition 2021.1.3\bin\breakgen64.dll
0x00007ffb9a7c0000 - 0x00007ffb9a7d0000 	C:\Program Files\Java\jdk-16.0.1\bin\verify.dll
0x00007ffb96b30000 - 0x00007ffb96b39000 	C:\Program Files\Java\jdk-16.0.1\bin\management.dll
0x00007ffb96520000 - 0x00007ffb9652b000 	C:\Program Files\Java\jdk-16.0.1\bin\management_ext.dll
0x00007ffb93010000 - 0x00007ffb93027000 	C:\WINDOWS\system32\napinsp.dll
0x00007ffb92ff0000 - 0x00007ffb9300b000 	C:\WINDOWS\system32\pnrpnsp.dll
0x00007ffb92ed0000 - 0x00007ffb92ee5000 	C:\WINDOWS\system32\wshbth.dll
0x00007ffba1660000 - 0x00007ffba167d000 	C:\WINDOWS\system32\NLAapi.dll
0x00007ffba4fd0000 - 0x00007ffba500b000 	C:\WINDOWS\SYSTEM32\IPHLPAPI.DLL
0x00007ffba5010000 - 0x00007ffba50db000 	C:\WINDOWS\SYSTEM32\DNSAPI.dll
0x00000167498d0000 - 0x00000167498d8000 	C:\WINDOWS\System32\NSI.dll
0x00007ffb92eb0000 - 0x00007ffb92ec2000 	C:\WINDOWS\System32\winrnr.dll
0x00007ffb9cac0000 - 0x00007ffb9caca000 	C:\Windows\System32\rasadhlp.dll
0x00007ffb9c640000 - 0x00007ffb9c6bf000 	C:\WINDOWS\System32\fwpuclnt.dll
0x00007ffba61c0000 - 0x00007ffba61e7000 	C:\WINDOWS\System32\bcrypt.dll

dbghelp: loaded successfully - version: 4.0.5 - missing functions: none
symbol engine: initialized successfully - sym options: 0x614 - pdb path: .;C:\Program Files\Java\jdk-16.0.1\bin;C:\WINDOWS\SYSTEM32;C:\WINDOWS\WinSxS\amd64_microsoft.windows.common-controls_6595b64144ccf1df_6.0.19041.1110_none_60b5254171f9507e;C:\Program Files\Topaz OFD\Warsaw;C:\Program Files\Java\jdk-16.0.1\bin\server;C:\Program Files\JetBrains\IntelliJ IDEA Community Edition 2021.1.3\bin

VM Arguments:
jvm_args: -javaagent:C:\Program Files\JetBrains\IntelliJ IDEA Community Edition 2021.1.3\lib\idea_rt.jar=57858:C:\Program Files\JetBrains\IntelliJ IDEA Community Edition 2021.1.3\bin -Dfile.encoding=UTF-8 
java_command: com.rfoliveira.ecommerceback.EcommerceBackApplication
java_class_path (initial): C:\Users\Meu Computador\Desktop\dio_Curos\philips\angular\ecommerce-back\target\classes;C:\Users\Meu Computador\.m2\com.rfoliveira.ecommerceback.repository\org\springframework\boot\spring-boot-starter-data-jpa\2.6.7\spring-boot-starter-data-jpa-2.6.7.jar;C:\Users\Meu Computador\.m2\com.rfoliveira.ecommerceback.repository\org\springframework\boot\spring-boot-starter-aop\2.6.7\spring-boot-starter-aop-2.6.7.jar;C:\Users\Meu Computador\.m2\com.rfoliveira.ecommerceback.repository\org\springframework\spring-aop\5.3.19\spring-aop-5.3.19.jar;C:\Users\Meu Computador\.m2\com.rfoliveira.ecommerceback.repository\org\aspectj\aspectjweaver\1.9.7\aspectjweaver-1.9.7.jar;C:\Users\Meu Computador\.m2\com.rfoliveira.ecommerceback.repository\org\springframework\boot\spring-boot-starter-jdbc\2.6.7\spring-boot-starter-jdbc-2.6.7.jar;C:\Users\Meu Computador\.m2\com.rfoliveira.ecommerceback.repository\com\zaxxer\HikariCP\4.0.3\HikariCP-4.0.3.jar;C:\Users\Meu Computador\.m2\com.rfoliveira.ecommerceback.repository\org\springframework\spring-jdbc\5.3.19\spring-jdbc-5.3.19.jar;C:\Users\Meu Computador\.m2\com.rfoliveira.ecommerceback.repository\jakarta\transaction\jakarta.transaction-api\1.3.3\jakarta.transaction-api-1.3.3.jar;C:\Users\Meu Computador\.m2\com.rfoliveira.ecommerceback.repository\jakarta\persistence\jakarta.persistence-api\2.2.3\jakarta.persistence-api-2.2.3.jar;C:\Users\Meu Computador\.m2\com.rfoliveira.ecommerceback.repository\org\hibernate\hibernate-core\5.6.8.Final\hibernate-core-5.6.8.Final.jar;C:\Users\Meu Computador\.m2\com.rfoliveira.ecommerceback.repository\org\jboss\logging\jboss-logging\3.4.3.Final\jboss-logging-3.4.3.Final.jar;C:\Users\Meu Computador\.m2\com.rfoliveira.ecommerceback.repository\net\bytebuddy\byte-buddy\1.11.22\byte-buddy-1.11.22.jar;C:\Users\Meu Computador\.m2\com.rfoliveira.ecommerceback.repository\antlr\antlr\2.7.7\antlr-2.7.7.jar;C:\Users\Meu Computador\.m2\com.rfoliveira.ecommerceback.repository\org\jboss\jandex\2.4.2.Final\jandex-2.4.2.Final.jar;C:\Users\Meu Computador\.m2\com.rfoliveira.ecommerceback.repository\com\fasterxml\classmate\1.5.1\classmate-1.5.1.jar;C:\Users\Meu Computador\.m2\com.rfoliveira.ecommerceback.repository\org\hibernate\common\hibernate-commons-annotations\5.1.2.Final\hibernate-commons-annotations-5.1.2.Final.jar;C:\Users\Meu Computador\.m2\com.rfoliveira.ecommerceback.repository\org\glassfish\jaxb\jaxb-runtime\2.3.6\jaxb-runtime-2.3.6.jar;C:\Users\Meu Computador\.m2\com.rfoliveira.ecommerceback.repository\org
Launcher Type: SUN_STANDARD

[Global flags]
     intx CICompilerCount                          = 3                                         {product} {ergonomic}
     uint ConcGCThreads                            = 1                                         {product} {ergonomic}
     uint G1ConcRefinementThreads                  = 4                                         {product} {ergonomic}
   size_t G1HeapRegionSize                         = 1048576                                   {product} {ergonomic}
    uintx GCDrainStackTargetSize                   = 64                                        {product} {ergonomic}
   size_t InitialHeapSize                          = 134217728                                 {product} {ergonomic}
   size_t MarkStackSize                            = 4194304                                   {product} {ergonomic}
   size_t MaxHeapSize                              = 2120220672                                {product} {ergonomic}
   size_t MaxNewSize                               = 1271922688                                {product} {ergonomic}
   size_t MinHeapDeltaBytes                        = 1048576                                   {product} {ergonomic}
   size_t MinHeapSize                              = 8388608                                   {product} {ergonomic}
    uintx NonNMethodCodeHeapSize                   = 5832780                                {pd product} {ergonomic}
    uintx NonProfiledCodeHeapSize                  = 122912730                              {pd product} {ergonomic}
    uintx ProfiledCodeHeapSize                     = 122912730                              {pd product} {ergonomic}
    uintx ReservedCodeCacheSize                    = 251658240                              {pd product} {ergonomic}
     bool SegmentedCodeCache                       = true                                      {product} {ergonomic}
   size_t SoftMaxHeapSize                          = 2120220672                             {manageable} {ergonomic}
     bool UseCompressedClassPointers               = true                           {product lp64_product} {ergonomic}
     bool UseCompressedOops                        = true                           {product lp64_product} {ergonomic}
     bool UseG1GC                                  = true                                      {product} {ergonomic}
     bool UseLargePagesIndividualAllocation        = false                                  {pd product} {ergonomic}

Logging:
Log output configuration:
 #0: stdout all=warning uptime,level,tags
 #1: stderr all=off uptime,level,tags

Environment Variables:
PATH=C:\Program Files\Common Files\Oracle\Java\javapath;C:\Program Files (x86)\Common Files\Oracle\Java\javapath;C:\WINDOWS\system32;C:\WINDOWS;C:\WINDOWS\System32\Wbem;C:\WINDOWS\System32\WindowsPowerShell\v1.0\;C:\WINDOWS\System32\OpenSSH\;C:\Program Files\Git\cmd;C:\Program Files\nodejs\;C:\Program Files\MySQL\MySQL Shell 8.0\bin\;C:\Users\Meu Computador\AppData\Local\Programs\Python\Python39\Scripts\;C:\Users\Meu Computador\AppData\Local\Programs\Python\Python39\;C:\Users\Meu Computador\AppData\Local\Microsoft\WindowsApps;C:\Users\Meu Computador\AppData\Local\Programs\Microsoft VS Code\bin;C:\Program Files\JetBrains\PyCharm Community Edition 2021.1.2\bin;;C:\Program Files\dev_ferrametas\gradle-7.1.1-bin\bin;C:\Program Files\dev_ferrametas\apache-maven-3.8.1-bin\bin;C:\Users\Meu Computador\AppData\Roaming\npm
USERNAME=Rodrigo
OS=Windows_NT
PROCESSOR_IDENTIFIER=Intel64 Family 6 Model 58 Stepping 9, GenuineIntel



---------------  S Y S T E M  ---------------

OS:
 Windows 10 , 64 bit Build 19041 (10.0.19041.1645)
OS uptime: 0 days 3:14 hours
Hyper-V role detected

CPU: total 4 (initial active 4) (4 cores per cpu, 1 threads per core) family 6 com.rfoliveira.ecommerceback.model 58 stepping 9 microcode 0x21, cx8, cmov, fxsr, mmx, sse, sse2, sse3, ssse3, sse4.1, sse4.2, popcnt, tsc, tscinvbit, avx, aes, erms, clmul, vzeroupper, clflush, hv

Memory: 4k page, system-wide physical 8084M (683M free)
TotalPageFile size 8084M (AvailPageFile size 5M)
current process WorkingSet (physical memory assigned to process): 179M, peak: 179M
current process commit charge ("private bytes"): 257M, peak: 257M

vm_info: Java HotSpot(TM) 64-Bit Server VM (16.0.1+9-24) for windows-amd64 JRE (16.0.1+9-24), built on Mar 26 2021 19:31:42 by "mach5one" with MS VC++ 16.7 (VS2019)

END.
